<?xml version="1.0" encoding="UTF-8"?>
<testsuite name="site.BuscaSeleniumPuro" tests="1" skipped="0" failures="0" errors="0" timestamp="2020-08-31T19:54:25" hostname="DESKTOP-APM7DUN" time="20.206">
  <properties/>
  <testcase name="buscaCurso" classname="site.BuscaSeleniumPuro" time="20.206"/>
  <system-out><![CDATA[]]></system-out>
  <system-err><![CDATA[Starting ChromeDriver 85.0.4183.87 (cd6713ebf92fa1cacc0f1a598df280093af0c5d7-refs/branch-heads/4183@{#1689}) on port 24383
Only local connections are allowed.
Please see https://chromedriver.chromium.org/security-considerations for suggestions on keeping ChromeDriver safe.
ChromeDriver was started successfully.
ago 31, 2020 4:54:30 PM org.openqa.selenium.remote.ProtocolHandshake createSession
INFORMAÇÕES: Detected dialect: W3C
]]></system-err>
</testsuite>
